<?xml version="1.0" encoding="UTF-8"?>
<testng-results ignored="0" total="3" passed="3" failed="0" skipped="0">
  <reporter-output>
  </reporter-output>
  <suite started-at="2022-10-08T16:26:02 IST" name="Default suite" finished-at="2022-10-08T16:28:23 IST" duration-ms="141363">
    <groups>
    </groups>
    <test started-at="2022-10-08T16:26:02 IST" name="Default test" finished-at="2022-10-08T16:28:23 IST" duration-ms="141363">
      <class name="TestNg.AutomateWebApp">
        <test-method signature="register()[pri:1, instance:TestNg.AutomateWebApp@41c2284a]" started-at="2022-10-08T16:26:02 IST" name="register" finished-at="2022-10-08T16:26:28 IST" duration-ms="25602" status="PASS">
          <reporter-output>
          </reporter-output>
        </test-method> <!-- register -->
        <test-method signature="login()[pri:2, instance:TestNg.AutomateWebApp@41c2284a]" started-at="2022-10-08T16:26:28 IST" name="login" finished-at="2022-10-08T16:26:49 IST" duration-ms="20991" status="PASS">
          <reporter-output>
          </reporter-output>
        </test-method> <!-- login -->
        <test-method signature="search()[pri:3, instance:TestNg.AutomateWebApp@41c2284a]" started-at="2022-10-08T16:26:49 IST" name="search" finished-at="2022-10-08T16:28:23 IST" duration-ms="94666" status="PASS">
          <reporter-output>
          </reporter-output>
        </test-method> <!-- search -->
      </class> <!-- TestNg.AutomateWebApp -->
    </test> <!-- Default test -->
  </suite> <!-- Default suite -->
</testng-results>
