<?xml version="1.0" encoding="UTF-8"?>
<!-- Generated by org.testng.reporters.JUnitXMLReporter -->
<testsuite ignored="0" hostname="LAPTOP-HFHNGQJ4" failures="0" tests="3" name="Default test" time="141.363" errors="0" timestamp="2022-10-08T16:28:24 IST">
  <testcase classname="TestNg.AutomateWebApp" name="register" time="25.602"/>
  <testcase classname="TestNg.AutomateWebApp" name="login" time="20.991"/>
  <testcase classname="TestNg.AutomateWebApp" name="search" time="94.666"/>
</testsuite> <!-- Default test -->
